<?xml version="1.0" encoding="utf-8"?>
<TestRun id="634841d9-c0be-43dc-8a5f-17ba0b6c444e" name="@HNnoMacBook-Air 2026-06-18 23:10:49" xmlns="http://microsoft.com/schemas/VisualStudio/TeamTest/2010">
  <Times creation="2026-06-18T23:10:49.1179380+09:00" queuing="2026-06-18T23:10:49.1179380+09:00" start="2026-06-18T23:10:48.4328490+09:00" finish="2026-06-18T23:10:49.1197530+09:00" />
  <TestSettings name="default" id="90e77566-f08f-4bd1-9be2-6520f6f0c4b7">
    <Deployment runDeploymentRoot="_HNnoMacBook-Air_2026-06-18_23_10_49" />
  </TestSettings>
  <Results>
    <UnitTestResult executionId="7da9eaf1-001b-45a9-9d34-8b31bd359a44" testId="6d9adcef-255a-3f0c-bb89-cb5a59d350ef" testName="Hamon.Tests.Widgets.GestureTests.Fling_DecaysAndStops" computerName="HNnoMacBook-Air" duration="00:00:00.0101821" startTime="2026-06-18T23:10:48.9133890+09:00" endTime="2026-06-18T23:10:48.9283900+09:00" testType="13cdc9d9-ddb5-4fa4-a97d-d965ccfc6d4b" outcome="Failed" testListId="8c84fa94-04c1-424b-9868-57a2d4851a1d" relativeResultsDirectory="7da9eaf1-001b-45a9-9d34-8b31bd359a44">
      <Output>
        <ErrorInfo>
          <Message>System.ArgumentOutOfRangeException : Index was out of range. Must be non-negative and less than the size of the collection. (Parameter 'index')</Message>
          <StackTrace>   at System.Collections.Generic.List`1.RemoveAt(Int32 index)
   at Hamon.Widgets.HamonRoot.AdvanceTickers(Single dt) in /Users/hckaye/github/vlo/hamon/src/Hamon/Widgets/HamonRoot.cs:line 611
   at Hamon.Widgets.HamonRoot.Update(Size available, Single dtSeconds) in /Users/hckaye/github/vlo/hamon/src/Hamon/Widgets/HamonRoot.cs:line 494
   at Hamon.Tests.Widgets.GestureTests.Fling_DecaysAndStops() in /Users/hckaye/github/vlo/hamon/tests/Hamon.Tests/Widgets/GestureTests.cs:line 87
   at System.RuntimeMethodHandle.InvokeMethod(Object target, Void** arguments, Signature sig, Boolean isConstructor)
   at System.Reflection.MethodBaseInvoker.InvokeWithNoArgs(Object obj, BindingFlags invokeAttr)</StackTrace>
        </ErrorInfo>
      </Output>
    </UnitTestResult>
  </Results>
  <TestDefinitions>
    <UnitTest name="Hamon.Tests.Widgets.GestureTests.Fling_DecaysAndStops" storage="/users/hckaye/github/vlo/hamon/tests/hamon.tests/bin/debug/net8.0/hamon.tests.dll" id="6d9adcef-255a-3f0c-bb89-cb5a59d350ef">
      <Execution id="7da9eaf1-001b-45a9-9d34-8b31bd359a44" />
      <TestMethod codeBase="/Users/hckaye/github/vlo/hamon/tests/Hamon.Tests/bin/Debug/net8.0/Hamon.Tests.dll" adapterTypeName="executor://xunit/VsTestRunner3/netcore/" className="Hamon.Tests.Widgets.GestureTests" name="Fling_DecaysAndStops" />
    </UnitTest>
  </TestDefinitions>
  <TestEntries>
    <TestEntry testId="6d9adcef-255a-3f0c-bb89-cb5a59d350ef" executionId="7da9eaf1-001b-45a9-9d34-8b31bd359a44" testListId="8c84fa94-04c1-424b-9868-57a2d4851a1d" />
  </TestEntries>
  <TestLists>
    <TestList name="一覧に存在しない結果" id="8c84fa94-04c1-424b-9868-57a2d4851a1d" />
    <TestList name="読み込まれたすべての結果" id="19431567-8539-422a-85d7-44ee4e166bda" />
  </TestLists>
  <ResultSummary outcome="Failed">
    <Counters total="1" executed="1" passed="0" failed="1" error="0" timeout="0" aborted="0" inconclusive="0" passedButRunAborted="0" notRunnable="0" notExecuted="0" disconnected="0" warning="0" completed="0" inProgress="0" pending="0" />
    <Output>
      <StdOut>[xUnit.net 00:00:00.00] xUnit.net VSTest Adapter v3.1.5+1b188a7b0a (64-bit .NET 8.0.28)
[xUnit.net 00:00:00.03]   Discovering: Hamon.Tests
[xUnit.net 00:00:00.04]   Discovered:  Hamon.Tests
[xUnit.net 00:00:00.05]   Starting:    Hamon.Tests
[xUnit.net 00:00:00.07]       System.ArgumentOutOfRangeException : Index was out of range. Must be non-negative and less than the size of the collection. (Parameter 'index')
[xUnit.net 00:00:00.07]       Stack Trace:
[xUnit.net 00:00:00.07]            at System.Collections.Generic.List`1.RemoveAt(Int32 index)
[xUnit.net 00:00:00.07]         /Users/hckaye/github/vlo/hamon/src/Hamon/Widgets/HamonRoot.cs(611,0): at Hamon.Widgets.HamonRoot.AdvanceTickers(Single dt)
[xUnit.net 00:00:00.07]         /Users/hckaye/github/vlo/hamon/src/Hamon/Widgets/HamonRoot.cs(494,0): at Hamon.Widgets.HamonRoot.Update(Size available, Single dtSeconds)
[xUnit.net 00:00:00.07]         /Users/hckaye/github/vlo/hamon/tests/Hamon.Tests/Widgets/GestureTests.cs(87,0): at Hamon.Tests.Widgets.GestureTests.Fling_DecaysAndStops()
[xUnit.net 00:00:00.07]            at System.RuntimeMethodHandle.InvokeMethod(Object target, Void** arguments, Signature sig, Boolean isConstructor)
[xUnit.net 00:00:00.07]            at System.Reflection.MethodBaseInvoker.InvokeWithNoArgs(Object obj, BindingFlags invokeAttr)
[xUnit.net 00:00:00.08]   Finished:    Hamon.Tests
</StdOut>
    </Output>
    <RunInfos>
      <RunInfo computerName="HNnoMacBook-Air" outcome="Error" timestamp="2026-06-18T23:10:48.9293630+09:00">
        <Text>[xUnit.net 00:00:00.07]     Hamon.Tests.Widgets.GestureTests.Fling_DecaysAndStops [FAIL]</Text>
      </RunInfo>
    </RunInfos>
  </ResultSummary>
</TestRun>